#
# A fatal error has been detected by the Java Runtime Environment:
#
#  EXCEPTION_ACCESS_VIOLATION (0xc0000005) at pc=0x000000006583fa03, pid=2420, tid=3596
#
# JRE version: Java(TM) SE Runtime Environment (8.0_25-b18) (build 1.8.0_25-b18)
# Java VM: Java HotSpot(TM) 64-Bit Server VM (25.25-b02 mixed mode windows-amd64 compressed oops)
# Problematic frame:
# V  [jvm.dll+0x3cfa03]
#
# Failed to write core dump. Minidumps are not enabled by default on client versions of Windows
#
# If you would like to submit a bug report, please visit:
#   http://bugreport.sun.com/bugreport/crash.jsp
#

---------------  T H R E A D  ---------------

Current thread (0x000000000235d800):  GCTaskThread [stack: 0x00000000120a0000,0x00000000121a0000] [id=3596]

siginfo: ExceptionCode=0xc0000005, reading address 0x0000000000000008

Registers:
RAX=0x0000000011d08201, RBX=0x0000000011d08281, RCX=0x0000000000000000, RDX=0xffffffffffffffff
RSP=0x000000001219fa40, RBP=0x0000000011d08281, RSI=0x00000000c1050008, RDI=0x00000000c1040018
R8 =0x0000000000000000, R9 =0x0000000000000000, R10=0x0000000001d70000, R11=0x0000000001770000
R12=0x0000000011d08201, R13=0x0000000055043700, R14=0x000000000235a250, R15=0x000000000000000c
RIP=0x000000006583fa03, EFLAGS=0x0000000000010246

Top of Stack: (sp=0x000000001219fa40)
0x000000001219fa40:   0000000011d08281 0000000011d08200
0x000000001219fa50:   0000000011d08281 00000000fb374829
0x000000001219fa60:   0000000011d08200 0000000011d1ff38
0x000000001219fa70:   0000000000000200 0000000000000000
0x000000001219fa80:   0000000001d4e0a0 000000000235c430
0x000000001219fa90:   0000000065a951d8 0000000000000000
0x000000001219faa0:   0000000000000000 0000000054f35810
0x000000001219fab0:   0000000002356240 0000000002356230
0x000000001219fac0:   0000000055043700 0000000065852442
0x000000001219fad0:   0000000011d08200 000000000235a410
0x000000001219fae0:   00000000c1050008 00000000c3fe6fc0
0x000000001219faf0:   0000000055043700 0000000000000000
0x000000001219fb00:   0000000000000004 00000000023571e0
0x000000001219fb10:   0000000054f35810 00000000658414ae
0x000000001219fb20:   000000000235d800 0000000000000000
0x000000001219fb30:   0000000000000000 0000000000000000 

Instructions: (pc=0x000000006583fa03)
0x000000006583f9e3:   49 40 00 00 74 16 44 8b 4f 08 8b 0d 55 cb 39 00
0x000000006583f9f3:   49 d3 e1 4c 03 0d 43 cb 39 00 eb 04 4c 8b 4f 08
0x000000006583fa03:   41 81 79 08 00 00 00 c0 73 12 49 8b 01 4c 8b c7
0x000000006583fa13:   49 8b d5 49 8b c9 ff 90 20 01 00 00 80 3d 23 49 


Register to memory mapping:

RAX=0x0000000011d08201 is an unknown value
RBX=0x0000000011d08281 is an unknown value
RCX=0x0000000000000000 is an unknown value
RDX=0xffffffffffffffff is an unknown value
RSP=0x000000001219fa40 is an unknown value
RBP=0x0000000011d08281 is an unknown value
RSI=0x00000000c1050008 is an oop
java.util.ArrayList 
 - klass: 'java/util/ArrayList'
RDI=
[error occurred during error reporting (printing register info), id 0xc0000005]

Stack: [0x00000000120a0000,0x00000000121a0000],  sp=0x000000001219fa40,  free space=1022k
Native frames: (J=compiled Java code, j=interpreted, Vv=VM code, C=native code)
V  [jvm.dll+0x3cfa03]
V  [jvm.dll+0x3e2442]
V  [jvm.dll+0x3d14ae]
V  [jvm.dll+0x2852fa]
C  [msvcr100.dll+0x21d9f]
C  [msvcr100.dll+0x21e3b]
C  [KERNEL32.dll+0x1f56d]
C  [ntdll.dll+0x33281]


---------------  P R O C E S S  ---------------

Java Threads: ( => current thread )
  0x0000000057999000 JavaThread "Stdin handler" [_thread_blocked, id=1332, stack(0x000000005d920000,0x000000005da20000)]
  0x0000000057998800 JavaThread "Daemon worker Thread 2" [_thread_blocked, id=2820, stack(0x0000000058db0000,0x0000000058eb0000)]
  0x0000000057997000 JavaThread "Cancel handler" [_thread_blocked, id=2292, stack(0x0000000059590000,0x0000000059690000)]
  0x0000000057996000 JavaThread "Handler for socket connection from /127.0.0.1:51773 to /127.0.0.1:52830" [_thread_in_native, id=932, stack(0x0000000059430000,0x0000000059530000)]
  0x0000000057995800 JavaThread "Daemon Thread 2" [_thread_blocked, id=4012, stack(0x0000000059200000,0x0000000059300000)]
  0x00000000588c0000 JavaThread "File lock request listener" [_thread_in_native, id=3192, stack(0x000000005af90000,0x000000005b090000)]
  0x0000000057d05000 JavaThread "Incoming local TCP Connector on port 51773" [_thread_in_native, id=1200, stack(0x0000000058ec0000,0x0000000058fc0000)]
  0x0000000056a57800 JavaThread "Service Thread" daemon [_thread_blocked, id=4776, stack(0x00000000570f0000,0x00000000571f0000)]
  0x00000000550b7000 JavaThread "C1 CompilerThread2" daemon [_thread_blocked, id=4480, stack(0x0000000056fe0000,0x00000000570e0000)]
  0x00000000550b5800 JavaThread "C2 CompilerThread1" daemon [_thread_blocked, id=4400, stack(0x0000000056e10000,0x0000000056f10000)]
  0x00000000550ae000 JavaThread "C2 CompilerThread0" daemon [_thread_blocked, id=5080, stack(0x0000000056550000,0x0000000056650000)]
  0x00000000550ad000 JavaThread "Attach Listener" daemon [_thread_blocked, id=4440, stack(0x00000000568d0000,0x00000000569d0000)]
  0x00000000550bc800 JavaThread "Signal Dispatcher" daemon [_thread_blocked, id=4536, stack(0x0000000056680000,0x0000000056780000)]
  0x0000000055055000 JavaThread "Finalizer" daemon [_thread_blocked, id=4920, stack(0x00000000560d0000,0x00000000561d0000)]
  0x000000005504c000 JavaThread "Reference Handler" daemon [_thread_blocked, id=5108, stack(0x0000000056420000,0x0000000056520000)]
  0x0000000001d4e800 JavaThread "main" [_thread_blocked, id=4904, stack(0x0000000002470000,0x0000000002570000)]

Other Threads:
  0x0000000055046800 VMThread [stack: 0x0000000056270000,0x0000000056370000] [id=1600]
  0x0000000056a5a800 WatcherThread [stack: 0x0000000057360000,0x0000000057460000] [id=4192]

=>0x000000000235d800 (exited) GCTaskThread [stack: 0x00000000120a0000,0x00000000121a0000] [id=3596]

VM state:at safepoint (normal execution)

VM Mutex/Monitor currently owned by a thread:  ([mutex/lock_event])
[0x0000000001d4cea0] Threads_lock - owner thread: 0x0000000055046800
[0x0000000001d4d3a0] Heap_lock - owner thread: 0x0000000057998800

Heap:
 PSYoungGen      total 257536K, used 230912K [0x00000000eab00000, 0x00000000fca00000, 0x0000000100000000)
  eden space 230912K, 100% used [0x00000000eab00000,0x00000000f8c80000,0x00000000f8c80000)
  from space 26624K, 0% used [0x00000000f8c80000,0x00000000f8c80000,0x00000000fa680000)
  to   space 26112K, 63% used [0x00000000fb080000,0x00000000fc0b4040,0x00000000fca00000)
 ParOldGen       total 121344K, used 65443K [0x00000000c0000000, 0x00000000c7680000, 0x00000000eab00000)
  object space 121344K, 53% used [0x00000000c0000000,0x00000000c3fe8fc0,0x00000000c7680000)
 Metaspace       used 55962K, capacity 59820K, committed 60120K, reserved 1099776K
  class space    used 7841K, capacity 9160K, committed 9216K, reserved 1048576K

Card table byte_map: [0x0000000011d00000,0x0000000011f10000] byte_map_base: 0x0000000011700000

Marking Bits: (ParMarkBitMap*) 0x0000000065c4d490
 Begin Bits: [0x00000000124c0000, 0x00000000134c0000)
 End Bits:   [0x00000000134c0000, 0x00000000144c0000)

Polling page: 0x0000000000430000

CodeCache: size=245760Kb used=22544Kb max_used=22903Kb free=223215Kb
 bounds [0x0000000002940000, 0x0000000003fd0000, 0x0000000011940000]
 total_blobs=6944 nmethods=6265 adapters=591
 compilation: enabled

Compilation events (10 events):
Event: 9873.940 Thread 0x00000000550b7000 7228       3       org.codehaus.groovy.ast.expr.MethodCallExpression::setImplicitThis (6 bytes)
Event: 9873.940 Thread 0x00000000550b7000 nmethod 7228 0x00000000035ada10 code [0x00000000035adb60, 0x00000000035adcb0]
Event: 9874.009 Thread 0x00000000550b5800 nmethod 7199 0x0000000003fb30d0 code [0x0000000003fb46e0, 0x0000000003fbd590]
Event: 9874.011 Thread 0x00000000550b5800 7227       4       org.codehaus.groovy.control.ResolveVisitor::resolveGenericsTypes (65 bytes)
Event: 9874.012 Thread 0x00000000550b7000 7231       3       org.codehaus.groovy.ast.CodeVisitorSupport::visitConstantExpression (1 bytes)
Event: 9874.012 Thread 0x00000000550b7000 nmethod 7231 0x00000000036a8510 code [0x00000000036a8660, 0x00000000036a87b0]
Event: 9874.013 Thread 0x00000000550b7000 7232       3       org.codehaus.groovy.ast.VariableScope::getDeclaredVariable (14 bytes)
Event: 9874.013 Thread 0x00000000550b7000 nmethod 7232 0x0000000002a7fd90 code [0x0000000002a7ff00, 0x0000000002a80208]
Event: 9874.014 Thread 0x00000000550b5800 nmethod 7227 0x0000000002dbd590 code [0x0000000002dbd6e0, 0x0000000002dbd848]
Event: 9874.014 Thread 0x00000000550b5800 7230       4       org.codehaus.groovy.control.ResolveVisitor::resolveFromModule (566 bytes)

GC Heap History (10 events):
Event: 41.015 GC heap after
Heap after GC invocations=17 (full 2):
 PSYoungGen      total 189952K, used 13287K [0x00000000eab00000, 0x00000000fb800000, 0x0000000100000000)
  eden space 176640K, 0% used [0x00000000eab00000,0x00000000eab00000,0x00000000f5780000)
  from space 13312K, 99% used [0x00000000f5780000,0x00000000f6479fa0,0x00000000f6480000)
  to   space 17920K, 0% used [0x00000000fa680000,0x00000000fa680000,0x00000000fb800000)
 ParOldGen       total 59904K, used 32111K [0x00000000c0000000, 0x00000000c3a80000, 0x00000000eab00000)
  object space 59904K, 53% used [0x00000000c0000000,0x00000000c1f5bdb8,0x00000000c3a80000)
 Metaspace       used 40042K, capacity 41486K, committed 41560K, reserved 1085440K
  class space    used 5397K, capacity 5957K, committed 6016K, reserved 1048576K
}
Event: 45.018 GC heap before
{Heap before GC invocations=18 (full 2):
 PSYoungGen      total 189952K, used 189927K [0x00000000eab00000, 0x00000000fb800000, 0x0000000100000000)
  eden space 176640K, 100% used [0x00000000eab00000,0x00000000f5780000,0x00000000f5780000)
  from space 13312K, 99% used [0x00000000f5780000,0x00000000f6479fa0,0x00000000f6480000)
  to   space 17920K, 0% used [0x00000000fa680000,0x00000000fa680000,0x00000000fb800000)
 ParOldGen       total 59904K, used 32111K [0x00000000c0000000, 0x00000000c3a80000, 0x00000000eab00000)
  object space 59904K, 53% used [0x00000000c0000000,0x00000000c1f5bdb8,0x00000000c3a80000)
 Metaspace       used 46227K, capacity 48502K, committed 48728K, reserved 1091584K
  class space    used 6380K, capacity 7231K, committed 7296K, reserved 1048576K
Event: 45.123 GC heap after
Heap after GC invocations=18 (full 2):
 PSYoungGen      total 248832K, used 17910K [0x00000000eab00000, 0x00000000fcb00000, 0x0000000100000000)
  eden space 230912K, 0% used [0x00000000eab00000,0x00000000eab00000,0x00000000f8c80000)
  from space 17920K, 99% used [0x00000000fa680000,0x00000000fb7fda48,0x00000000fb800000)
  to   space 26624K, 0% used [0x00000000f8c80000,0x00000000f8c80000,0x00000000fa680000)
 ParOldGen       total 59904K, used 47149K [0x00000000c0000000, 0x00000000c3a80000, 0x00000000eab00000)
  object space 59904K, 78% used [0x00000000c0000000,0x00000000c2e0b7e8,0x00000000c3a80000)
 Metaspace       used 46227K, capacity 48502K, committed 48728K, reserved 1091584K
  class space    used 6380K, capacity 7231K, committed 7296K, reserved 1048576K
}
Event: 45.127 GC heap before
{Heap before GC invocations=19 (full 2):
 PSYoungGen      total 248832K, used 23627K [0x00000000eab00000, 0x00000000fcb00000, 0x0000000100000000)
  eden space 230912K, 2% used [0x00000000eab00000,0x00000000eb095580,0x00000000f8c80000)
  from space 17920K, 99% used [0x00000000fa680000,0x00000000fb7fda48,0x00000000fb800000)
  to   space 26624K, 0% used [0x00000000f8c80000,0x00000000f8c80000,0x00000000fa680000)
 ParOldGen       total 59904K, used 47149K [0x00000000c0000000, 0x00000000c3a80000, 0x00000000eab00000)
  object space 59904K, 78% used [0x00000000c0000000,0x00000000c2e0b7e8,0x00000000c3a80000)
 Metaspace       used 46228K, capacity 48502K, committed 48728K, reserved 1091584K
  class space    used 6380K, capacity 7231K, committed 7296K, reserved 1048576K
Event: 45.213 GC heap after
Heap after GC invocations=19 (full 2):
 PSYoungGen      total 257536K, used 32K [0x00000000eab00000, 0x00000000fca00000, 0x0000000100000000)
  eden space 230912K, 0% used [0x00000000eab00000,0x00000000eab00000,0x00000000f8c80000)
  from space 26624K, 0% used [0x00000000f8c80000,0x00000000f8c88000,0x00000000fa680000)
  to   space 26112K, 0% used [0x00000000fb080000,0x00000000fb080000,0x00000000fca00000)
 ParOldGen       total 65536K, used 64920K [0x00000000c0000000, 0x00000000c4000000, 0x00000000eab00000)
  object space 65536K, 99% used [0x00000000c0000000,0x00000000c3f66260,0x00000000c4000000)
 Metaspace       used 46228K, capacity 48502K, committed 48728K, reserved 1091584K
  class space    used 6380K, capacity 7231K, committed 7296K, reserved 1048576K
}
Event: 45.213 GC heap before
{Heap before GC invocations=20 (full 3):
 PSYoungGen      total 257536K, used 32K [0x00000000eab00000, 0x00000000fca00000, 0x0000000100000000)
  eden space 230912K, 0% used [0x00000000eab00000,0x00000000eab00000,0x00000000f8c80000)
  from space 26624K, 0% used [0x00000000f8c80000,0x00000000f8c88000,0x00000000fa680000)
  to   space 26112K, 0% used [0x00000000fb080000,0x00000000fb080000,0x00000000fca00000)
 ParOldGen       total 65536K, used 64920K [0x00000000c0000000, 0x00000000c4000000, 0x00000000eab00000)
  object space 65536K, 99% used [0x00000000c0000000,0x00000000c3f66260,0x00000000c4000000)
 Metaspace       used 46228K, capacity 48502K, committed 48728K, reserved 1091584K
  class space    used 6380K, capacity 7231K, committed 7296K, reserved 1048576K
Event: 45.640 GC heap after
Heap after GC invocations=20 (full 3):
 PSYoungGen      total 257536K, used 0K [0x00000000eab00000, 0x00000000fca00000, 0x0000000100000000)
  eden space 230912K, 0% used [0x00000000eab00000,0x00000000eab00000,0x00000000f8c80000)
  from space 26624K, 0% used [0x00000000f8c80000,0x00000000f8c80000,0x00000000fa680000)
  to   space 26112K, 0% used [0x00000000fb080000,0x00000000fb080000,0x00000000fca00000)
 ParOldGen       total 65536K, used 55203K [0x00000000c0000000, 0x00000000c4000000, 0x00000000eab00000)
  object space 65536K, 84% used [0x00000000c0000000,0x00000000c35e8e20,0x00000000c4000000)
 Metaspace       used 46161K, capacity 48274K, committed 48728K, reserved 1091584K
  class space    used 6366K, capacity 7163K, committed 7296K, reserved 1048576K
}
Event: 58.251 GC heap before
{Heap before GC invocations=21 (full 4):
 PSYoungGen      total 257536K, used 230912K [0x00000000eab00000, 0x00000000fca00000, 0x0000000100000000)
  eden space 230912K, 100% used [0x00000000eab00000,0x00000000f8c80000,0x00000000f8c80000)
  from space 26624K, 0% used [0x00000000f8c80000,0x00000000f8c80000,0x00000000fa680000)
  to   space 26112K, 0% used [0x00000000fb080000,0x00000000fb080000,0x00000000fca00000)
 ParOldGen       total 65536K, used 55203K [0x00000000c0000000, 0x00000000c4000000, 0x00000000eab00000)
  object space 65536K, 84% used [0x00000000c0000000,0x00000000c35e8e20,0x00000000c4000000)
 Metaspace       used 54040K, capacity 57174K, committed 57304K, reserved 1097728K
  class space    used 7525K, capacity 8671K, committed 8704K, reserved 1048576K
Event: 59.881 GC heap after
Heap after GC invocations=21 (full 4):
 PSYoungGen      total 257536K, used 10956K [0x00000000eab00000, 0x00000000fca00000, 0x0000000100000000)
  eden space 230912K, 4% used [0x00000000eab00000,0x00000000eb5b33c8,0x00000000f8c80000)
  from space 26624K, 0% used [0x00000000f8c80000,0x00000000f8c80000,0x00000000fa680000)
  to   space 26112K, 0% used [0x00000000fb080000,0x00000000fb080000,0x00000000fca00000)
 ParOldGen       total 121344K, used 65435K [0x00000000c0000000, 0x00000000c7680000, 0x00000000eab00000)
  object space 121344K, 53% used [0x00000000c0000000,0x00000000c3fe6fc0,0x00000000c7680000)
 Metaspace       used 54040K, capacity 57174K, committed 57304K, reserved 1097728K
  class space    used 7525K, capacity 8671K, committed 8704K, reserved 1048576K
}
Event: 9874.182 GC heap before
{Heap before GC invocations=22 (full 4):
 PSYoungGen      total 257536K, used 230912K [0x00000000eab00000, 0x00000000fca00000, 0x0000000100000000)
  eden space 230912K, 100% used [0x00000000eab00000,0x00000000f8c80000,0x00000000f8c80000)
  from space 26624K, 0% used [0x00000000f8c80000,0x00000000f8c80000,0x00000000fa680000)
  to   space 26112K, 0% used [0x00000000fb080000,0x00000000fb080000,0x00000000fca00000)
 ParOldGen       total 121344K, used 65435K [0x00000000c0000000, 0x00000000c7680000, 0x00000000eab00000)
  object space 121344K, 53% used [0x00000000c0000000,0x00000000c3fe6fc0,0x00000000c7680000)
 Metaspace       used 55962K, capacity 59820K, committed 60120K, reserved 1099776K
  class space    used 7841K, capacity 9160K, committed 9216K, reserved 1048576K

Deoptimization events (10 events):
Event: 61.432 Thread 0x00000000580a8000 Uncommon trap: reason=class_check action=maybe_recompile pc=0x0000000003df3848 method=org.gradle.api.internal.file.RelativePathSpec.isSatisfiedBy(Ljava/lang/Object;)Z @ 2
Event: 61.432 Thread 0x00000000580a8000 Uncommon trap: reason=class_check action=maybe_recompile pc=0x0000000003df3848 method=org.gradle.api.internal.file.RelativePathSpec.isSatisfiedBy(Ljava/lang/Object;)Z @ 2
Event: 61.472 Thread 0x00000000580a8000 Uncommon trap: reason=class_check action=maybe_recompile pc=0x0000000003dfd814 method=org.gradle.api.internal.file.pattern.PatternMatcherFactory$PathMatcherBackedSpec.isSatisfiedBy(Lorg/gradle/api/file/RelativePath;)Z @ 23
Event: 61.472 Thread 0x00000000580a8000 Uncommon trap: reason=class_check action=maybe_recompile pc=0x0000000003dfd814 method=org.gradle.api.internal.file.pattern.PatternMatcherFactory$PathMatcherBackedSpec.isSatisfiedBy(Lorg/gradle/api/file/RelativePath;)Z @ 23
Event: 61.473 Thread 0x00000000580a8000 Uncommon trap: reason=class_check action=maybe_recompile pc=0x0000000003dfd814 method=org.gradle.api.internal.file.pattern.PatternMatcherFactory$PathMatcherBackedSpec.isSatisfiedBy(Lorg/gradle/api/file/RelativePath;)Z @ 23
Event: 61.473 Thread 0x00000000580a8000 Uncommon trap: reason=class_check action=maybe_recompile pc=0x0000000003dfd814 method=org.gradle.api.internal.file.pattern.PatternMatcherFactory$PathMatcherBackedSpec.isSatisfiedBy(Lorg/gradle/api/file/RelativePath;)Z @ 23
Event: 62.211 Thread 0x00000000580a8000 Uncommon trap: reason=bimorphic action=maybe_recompile pc=0x0000000003d7c1b8 method=java.io.BufferedInputStream.read1([BII)I @ 39
Event: 63.177 Thread 0x00000000580a8000 Uncommon trap: reason=bimorphic action=maybe_recompile pc=0x0000000003d7c1b8 method=java.io.BufferedInputStream.read1([BII)I @ 39
Event: 63.214 Thread 0x00000000580a8000 Uncommon trap: reason=bimorphic action=maybe_recompile pc=0x0000000003d7c1b8 method=java.io.BufferedInputStream.read1([BII)I @ 39
Event: 63.465 Thread 0x00000000580a8000 Uncommon trap: reason=bimorphic action=maybe_recompile pc=0x0000000003d7c1b8 method=java.io.BufferedInputStream.read1([BII)I @ 39

Internal exceptions (10 events):
Event: 9874.181 Thread 0x0000000057998800 Exception <a 'java/security/PrivilegedActionException'> (0x00000000f8c62db8) thrown at [D:\re\workspace\8-2-build-windows-amd64-cygwin\jdk8u25\1677\hotspot\src\share\vm\prims\jvm.cpp, line 1312]
Event: 9874.181 Thread 0x0000000057998800 Exception <a 'java/security/PrivilegedActionException'> (0x00000000f8c63e48) thrown at [D:\re\workspace\8-2-build-windows-amd64-cygwin\jdk8u25\1677\hotspot\src\share\vm\prims\jvm.cpp, line 1312]
Event: 9874.181 Thread 0x0000000057998800 Exception <a 'java/security/PrivilegedActionException'> (0x00000000f8c72888) thrown at [D:\re\workspace\8-2-build-windows-amd64-cygwin\jdk8u25\1677\hotspot\src\share\vm\prims\jvm.cpp, line 1312]
Event: 9874.181 Thread 0x0000000057998800 Exception <a 'java/security/PrivilegedActionException'> (0x00000000f8c74080) thrown at [D:\re\workspace\8-2-build-windows-amd64-cygwin\jdk8u25\1677\hotspot\src\share\vm\prims\jvm.cpp, line 1312]
Event: 9874.181 Thread 0x0000000057998800 Exception <a 'java/security/PrivilegedActionException'> (0x00000000f8c75878) thrown at [D:\re\workspace\8-2-build-windows-amd64-cygwin\jdk8u25\1677\hotspot\src\share\vm\prims\jvm.cpp, line 1312]
Event: 9874.181 Thread 0x0000000057998800 Exception <a 'java/security/PrivilegedActionException'> (0x00000000f8c770d8) thrown at [D:\re\workspace\8-2-build-windows-amd64-cygwin\jdk8u25\1677\hotspot\src\share\vm\prims\jvm.cpp, line 1312]
Event: 9874.181 Thread 0x0000000057998800 Exception <a 'java/security/PrivilegedActionException'> (0x00000000f8c78940) thrown at [D:\re\workspace\8-2-build-windows-amd64-cygwin\jdk8u25\1677\hotspot\src\share\vm\prims\jvm.cpp, line 1312]
Event: 9874.181 Thread 0x0000000057998800 Exception <a 'java/security/PrivilegedActionException'> (0x00000000f8c7a1a8) thrown at [D:\re\workspace\8-2-build-windows-amd64-cygwin\jdk8u25\1677\hotspot\src\share\vm\prims\jvm.cpp, line 1312]
Event: 9874.181 Thread 0x0000000057998800 Exception <a 'java/security/PrivilegedActionException'> (0x00000000f8c7b0c8) thrown at [D:\re\workspace\8-2-build-windows-amd64-cygwin\jdk8u25\1677\hotspot\src\share\vm\prims\jvm.cpp, line 1312]
Event: 9874.182 Thread 0x0000000057998800 Exception <a 'java/security/PrivilegedActionException'> (0x00000000f8c7c088) thrown at [D:\re\workspace\8-2-build-windows-amd64-cygwin\jdk8u25\1677\hotspot\src\share\vm\prims\jvm.cpp, line 1312]

Events (10 events):
Event: 9873.730 Thread 0x0000000057998800 DEOPT PACKING pc=0x000000000346d7cb sp=0x0000000058eaade0
Event: 9873.730 Thread 0x0000000057998800 DEOPT UNPACKING pc=0x00000000029871bf sp=0x0000000058eaaaf0 mode 0
Event: 9873.782 Thread 0x0000000057998800 DEOPT PACKING pc=0x000000000346d7cb sp=0x0000000058eaac60
Event: 9873.782 Thread 0x0000000057998800 DEOPT UNPACKING pc=0x00000000029871bf sp=0x0000000058eaa970 mode 0
Event: 9873.854 Thread 0x00000000550ae000 flushing nmethod 0x0000000003400b10
Event: 9873.941 Thread 0x00000000550b7000 flushing nmethod 0x00000000036cdc10
Event: 9873.941 Thread 0x00000000550b7000 flushing nmethod 0x00000000036cf910
Event: 9874.009 Thread 0x00000000550b5800 flushing nmethod 0x000000000381e450
Event: 9874.011 Thread 0x00000000550b5800 flushing nmethod 0x0000000003946390
Event: 9874.182 Executing VM operation: ParallelGCFailedAllocation


Dynamic libraries:
0x000000013f120000 - 0x000000013f154000 	C:\Program Files\Java\jdk1.8.0_25\bin\java.exe
0x0000000077370000 - 0x000000007751b000 	C:\Windows\SYSTEM32\ntdll.dll
0x0000000075050000 - 0x000000007509e000 	C:\Program Files\Alwil Software\Avast5\snxhk64.dll
0x0000000077250000 - 0x000000007736f000 	C:\Windows\system32\KERNEL32.dll
0x000007fefd630000 - 0x000007fefd69b000 	C:\Windows\system32\KERNELBASE.dll
0x000007fefec20000 - 0x000007fefecfb000 	C:\Windows\system32\ADVAPI32.dll
0x000007fefe760000 - 0x000007fefe7ff000 	C:\Windows\system32\msvcrt.dll
0x000007fefe480000 - 0x000007fefe49f000 	C:\Windows\SYSTEM32\sechost.dll
0x000007fefed00000 - 0x000007fefee2e000 	C:\Windows\system32\RPCRT4.dll
0x0000000077150000 - 0x000000007724a000 	C:\Windows\system32\USER32.dll
0x000007fefe540000 - 0x000007fefe5a7000 	C:\Windows\system32\GDI32.dll
0x000007fefe720000 - 0x000007fefe72e000 	C:\Windows\system32\LPK.dll
0x000007feff5b0000 - 0x000007feff67a000 	C:\Windows\system32\USP10.dll
0x000007fefbc70000 - 0x000007fefbe64000 	C:\Windows\WinSxS\amd64_microsoft.windows.common-controls_6595b64144ccf1df_6.0.7600.16385_none_fa645303170382f6\COMCTL32.dll
0x000007fefe800000 - 0x000007fefe871000 	C:\Windows\system32\SHLWAPI.dll
0x000007fefe730000 - 0x000007fefe75e000 	C:\Windows\system32\IMM32.DLL
0x000007feff0f0000 - 0x000007feff1f9000 	C:\Windows\system32\MSCTF.dll
0x0000000074a10000 - 0x0000000074ae2000 	C:\Program Files\Java\jdk1.8.0_25\jre\bin\msvcr100.dll
0x0000000065470000 - 0x0000000065cca000 	C:\Program Files\Java\jdk1.8.0_25\jre\bin\server\jvm.dll
0x000007fef8730000 - 0x000007fef8739000 	C:\Windows\system32\WSOCK32.dll
0x000007fefe6d0000 - 0x000007fefe71d000 	C:\Windows\system32\WS2_32.dll
0x000007fefea00000 - 0x000007fefea08000 	C:\Windows\system32\NSI.dll
0x000007fef6de0000 - 0x000007fef6e1b000 	C:\Windows\system32\WINMM.dll
0x0000000077540000 - 0x0000000077547000 	C:\Windows\system32\PSAPI.DLL
0x0000000074e50000 - 0x0000000074e5f000 	C:\Program Files\Java\jdk1.8.0_25\jre\bin\verify.dll
0x0000000074e20000 - 0x0000000074e48000 	C:\Program Files\Java\jdk1.8.0_25\jre\bin\java.dll
0x0000000074e00000 - 0x0000000074e16000 	C:\Program Files\Java\jdk1.8.0_25\jre\bin\zip.dll
0x000007fefd6a0000 - 0x000007fefe426000 	C:\Windows\system32\SHELL32.dll
0x000007fefea10000 - 0x000007fefec11000 	C:\Windows\system32\ole32.dll
0x000007fefd2d0000 - 0x000007fefd2df000 	C:\Windows\system32\profapi.dll
0x000007fefcfe0000 - 0x000007fefcff7000 	C:\Windows\system32\CRYPTSP.dll
0x000007fefc8a0000 - 0x000007fefc8e7000 	C:\Windows\system32\rsaenh.dll
0x000007fefc820000 - 0x000007fefc83e000 	C:\Windows\system32\USERENV.dll
0x000007fefd2a0000 - 0x000007fefd2af000 	C:\Windows\system32\CRYPTBASE.dll
0x0000000074bb0000 - 0x0000000074bca000 	C:\Program Files\Java\jdk1.8.0_25\jre\bin\net.dll
0x000007fefcf80000 - 0x000007fefcfd4000 	C:\Windows\system32\mswsock.dll
0x000007fefcf70000 - 0x000007fefcf77000 	C:\Windows\System32\wship6.dll
0x000007fefacf0000 - 0x000007fefad17000 	C:\Windows\system32\IPHLPAPI.DLL
0x000007feface0000 - 0x000007fefaceb000 	C:\Windows\system32\WINNSI.DLL
0x000007fefabf0000 - 0x000007fefac08000 	C:\Windows\system32\dhcpcsvc.DLL
0x000007fefabd0000 - 0x000007fefabe1000 	C:\Windows\system32\dhcpcsvc6.DLL
0x0000000074b90000 - 0x0000000074ba1000 	C:\Program Files\Java\jdk1.8.0_25\jre\bin\nio.dll
0x000007feea480000 - 0x000007feea492000 	C:\Users\Shiva\AppData\Local\Temp\native-platform7343395036491530068dir\native-platform.dll
0x000007fefd240000 - 0x000007fefd297000 	C:\Windows\system32\apphelp.dll
0x0000000074b80000 - 0x0000000074b8d000 	C:\Program Files\Java\jdk1.8.0_25\jre\bin\management.dll
0x000007fef26a0000 - 0x000007fef27c5000 	C:\Windows\system32\dbghelp.dll

VM Arguments:
jvm_args: -XX:MaxPermSize=256m -XX:+HeapDumpOnOutOfMemoryError -Xmx1024m -Dfile.encoding=windows-1252 -Duser.country=US -Duser.language=en -Duser.variant 
java_command: org.gradle.launcher.daemon.bootstrap.GradleDaemon 2.2.1 C:\Users\Shiva\.gradle\daemon 10800000 f62a4651-6276-4772-862f-96b2ab3c6de5 -XX:MaxPermSize=256m -XX:+HeapDumpOnOutOfMemoryError -Xmx1024m -Dfile.encoding=windows-1252 -Duser.country=US -Duser.language=en -Duser.variant
java_class_path (initial): C:\Users\Shiva\.gradle\wrapper\dists\gradle-2.2.1-all\c64ydeuardnfqctvr1gm30w53\gradle-2.2.1\lib\gradle-launcher-2.2.1.jar
Launcher Type: SUN_STANDARD

Environment Variables:
PATH=C:\ProgramData\Oracle\Java\javapath;C:\Windows\system32;C:\Windows;C:\Windows\System32\Wbem;C:\Windows\System32\WindowsPowerShell\v1.0\;C:\Program Files\TortoiseGit\bin;C:\Program Files (x86)\Skype\Phone\
USERNAME=Shiva
OS=Windows_NT
PROCESSOR_IDENTIFIER=Intel64 Family 6 Model 42 Stepping 7, GenuineIntel



---------------  S Y S T E M  ---------------

OS: Windows 7 , 64 bit Build 7600 

CPU:total 4 (2 cores per cpu, 2 threads per core) family 6 model 42 stepping 7, cmov, cx8, fxsr, mmx, sse, sse2, sse3, ssse3, sse4.1, sse4.2, popcnt, aes, clmul, ht, tsc, tscinvbit

Memory: 4k page, physical 4136816k(970992k free), swap 8271736k(4297648k free)

vm_info: Java HotSpot(TM) 64-Bit Server VM (25.25-b02) for windows-amd64 JRE (1.8.0_25-b18), built on Oct  7 2014 14:25:37 by "java_re" with MS VC++ 10.0 (VS2010)

time: Sat Nov 21 23:24:37 2015
elapsed time: 9874 seconds (0d 2h 44m 34s)

